<?xml version="1.0" encoding="UTF-8"?>
<testsuite name="com.losd.reqbot.MostSimpleTest" tests="1" skipped="0" failures="0" errors="0" timestamp="2015-05-01T15:45:48" hostname="ALTC02LMJUYFD56.local" time="0.0">
  <properties/>
  <testcase name="simpleTest" classname="com.losd.reqbot.MostSimpleTest" time="0.0"/>
  <system-out><![CDATA[]]></system-out>
  <system-err><![CDATA[]]></system-err>
</testsuite>
